Using pre-set license
Built from '2020.3/staging' branch; Version is '2020.3.9f1 (108be757e447) revision 1084391'; Using compiler version '192528614'; Build Type 'Release'
OS: 'Windows 10 Home Single Language; OS build 19043.1110; Version 2009; 64bit' Language: 'en' Physical Memory: 16332 MB
BatchMode: 1, IsHumanControllingUs: 0, StartBugReporterOnCrash: 0, Is64bit: 1, IsPro: 0

 COMMAND LINE ARGUMENTS:
D:\Unity Editor\2020.3.9f1\Editor\Unity.exe
-adb2
-batchMode
-noUpm
-name
AssetImportWorker0
-projectPath
D:/SCHOOL/GDFUNDA/GDFUNDA_GameJam1/GameJam
-logFile
Logs/AssetImportWorker0.log
-srvPort
65392
Successfully changed project path to: D:/SCHOOL/GDFUNDA/GDFUNDA_GameJam1/GameJam
D:/SCHOOL/GDFUNDA/GDFUNDA_GameJam1/GameJam
Using Asset Import Pipeline V2.
Refreshing native plugins compatible for Editor in 32.89 ms, found 0 plugins.
Preloading 0 native plugins for Editor in 0.00 ms.
Initialize engine version: 2020.3.9f1 (108be757e447)
[Subsystems] Discovering subsystems at path D:/Unity Editor/2020.3.9f1/Editor/Data/Resources/UnitySubsystems
[Subsystems] Discovering subsystems at path D:/SCHOOL/GDFUNDA/GDFUNDA_GameJam1/GameJam/Assets
GfxDevice: creating device client; threaded=0
Direct3D:
    Version:  Direct3D 11.0 [level 11.1]
    Renderer: NVIDIA GeForce GTX 1050 Ti (ID=0x1c82)
    Vendor:   
    VRAM:     4018 MB
    Driver:   30.0.14.7141
Initialize mono
Mono path[0] = 'D:/Unity Editor/2020.3.9f1/Editor/Data/Managed'
Mono path[1] = 'D:/Unity Editor/2020.3.9f1/Editor/Data/MonoBleedingEdge/lib/mono/unityjit'
Mono config path = 'D:/Unity Editor/2020.3.9f1/Editor/Data/MonoBleedingEdge/etc'
Using monoOptions --debugger-agent=transport=dt_socket,embedding=1,server=y,suspend=n,address=127.0.0.1:56708
Begin MonoManager ReloadAssembly
Registering precompiled unity dll's ...
Register platform support module: D:/Unity Editor/2020.3.9f1/Editor/Data/PlaybackEngines/WindowsStandaloneSupport/UnityEditor.WindowsStandalone.Extensions.dll
Registered in 0.001799 seconds.
Native extension for WindowsStandalone target not found
Refreshing native plugins compatible for Editor in 30.13 ms, found 0 plugins.
Preloading 0 native plugins for Editor in 0.00 ms.
Mono: successfully reloaded assembly
- Completed reload, in  1.486 seconds
Platform modules already initialized, skipping
Registering precompiled user dll's ...
Registered in 0.000818 seconds.
Begin MonoManager ReloadAssembly
Native extension for WindowsStandalone target not found
Refreshing native plugins compatible for Editor in 0.33 ms, found 0 plugins.
Preloading 0 native plugins for Editor in 0.00 ms.
Mono: successfully reloaded assembly
- Completed reload, in  0.911 seconds
Platform modules already initialized, skipping
========================================================================
Worker process is ready to serve import requests
Launched and connected shader compiler UnityShaderCompiler.exe after 0.09 seconds
Refreshing native plugins compatible for Editor in 0.50 ms, found 0 plugins.
Preloading 0 native plugins for Editor in 0.00 ms.
Unloading 1600 Unused Serialized files (Serialized files now loaded: 0)
System memory in use before: 83.7 MB.
System memory in use after: 83.8 MB.

Unloading 10 unused Assets to reduce memory usage. Loaded Objects now: 2050.
Total: 1.839600 ms (FindLiveObjects: 0.157100 ms CreateObjectMapping: 0.056600 ms MarkObjects: 1.490800 ms  DeleteObjects: 0.134100 ms)

========================================================================
Received Import Request.
  path: Assets/Scenes
  artifactKey: Guid(5844d39c26b26fe46999b352fe7aa899) Importer(815301076,1909f56bfc062723c751e8b465ee728b)
Start importing Assets/Scenes using Guid(5844d39c26b26fe46999b352fe7aa899) Importer(815301076,1909f56bfc062723c751e8b465ee728b)  -> (artifact id: 'b96eef00e8b15b0a08868fd9e292711c') in 0.016551 seconds
  Import took 0.104427 seconds .

========================================================================
Received Import Request.
  Time since last request: 1.093608 seconds.
  path: Assets/Scenes/MainMenu.unity
  artifactKey: Guid(db39f4c6b402c924d9149d7615b31f00) Importer(815301076,1909f56bfc062723c751e8b465ee728b)
Start importing Assets/Scenes/MainMenu.unity using Guid(db39f4c6b402c924d9149d7615b31f00) Importer(815301076,1909f56bfc062723c751e8b465ee728b)  -> (artifact id: '6bed99667ffb57f2ce8486febc6f736d') in 0.026533 seconds
  Import took 0.086917 seconds .

========================================================================
Received Import Request.
  Time since last request: 129.123567 seconds.
  path: Assets/[Free] Phone/phone1k.prefab
  artifactKey: Guid(4b658ae02ca4e154f80cea2d74db1ef1) Importer(815301076,1909f56bfc062723c751e8b465ee728b)
Start importing Assets/[Free] Phone/phone1k.prefab using Guid(4b658ae02ca4e154f80cea2d74db1ef1) Importer(815301076,1909f56bfc062723c751e8b465ee728b)  -> (artifact id: '66c6d9813cd5f8bc44f3b7bfadff854f') in 0.382933 seconds
  Import took 0.414584 seconds .

========================================================================
Received Import Request.
  Time since last request: 0.000162 seconds.
  path: Assets/[Free] Phone/phone2k.prefab
  artifactKey: Guid(9c993bdd1f0fb3e4da5b61dabec5fbb3) Importer(815301076,1909f56bfc062723c751e8b465ee728b)
Start importing Assets/[Free] Phone/phone2k.prefab using Guid(9c993bdd1f0fb3e4da5b61dabec5fbb3) Importer(815301076,1909f56bfc062723c751e8b465ee728b)  -> (artifact id: '60223297b7d64612aed7dc458cba0c5d') in 0.057785 seconds
  Import took 0.110657 seconds .

========================================================================
Received Import Request.
  Time since last request: 0.000159 seconds.
  path: Assets/[Free] Phone/phone512.prefab
  artifactKey: Guid(93903fac38405d94381bff9993d61f64) Importer(815301076,1909f56bfc062723c751e8b465ee728b)
Start importing Assets/[Free] Phone/phone512.prefab using Guid(93903fac38405d94381bff9993d61f64) Importer(815301076,1909f56bfc062723c751e8b465ee728b)  -> (artifact id: 'c2f0e5fae15efc743375dba93a00ca1c') in 0.051610 seconds
  Import took 0.054296 seconds .

========================================================================
Received Import Request.
  Time since last request: 1.840847 seconds.
  path: Assets/[Free] Phone/Textures
  artifactKey: Guid(44abd4f59c42fba4f85a56f43fda9064) Importer(815301076,1909f56bfc062723c751e8b465ee728b)
Start importing Assets/[Free] Phone/Textures using Guid(44abd4f59c42fba4f85a56f43fda9064) Importer(815301076,1909f56bfc062723c751e8b465ee728b)  -> (artifact id: '1a9281f4ae5733ff067b110947296082') in 0.017391 seconds
  Import took 0.020328 seconds .

========================================================================
Received Import Request.
  Time since last request: 0.864739 seconds.
  path: Assets/[Free] Phone/DemoScene.unity
  artifactKey: Guid(7c6f3b659fd48ce449a918573b9b201c) Importer(815301076,1909f56bfc062723c751e8b465ee728b)
Start importing Assets/[Free] Phone/DemoScene.unity using Guid(7c6f3b659fd48ce449a918573b9b201c) Importer(815301076,1909f56bfc062723c751e8b465ee728b)  -> (artifact id: '15afb10c912b2b19cdc674cc95f0a942') in 0.017619 seconds
  Import took 0.051166 seconds .

========================================================================
Received Import Request.
  Time since last request: 31.257959 seconds.
  path: Assets/[Free] Phone/fbx and materials
  artifactKey: Guid(90f78e43df7bd2f4883af098f6bfddd8) Importer(815301076,1909f56bfc062723c751e8b465ee728b)
Start importing Assets/[Free] Phone/fbx and materials using Guid(90f78e43df7bd2f4883af098f6bfddd8) Importer(815301076,1909f56bfc062723c751e8b465ee728b)  -> (artifact id: '2e917ef6b123b5ff49a9046eb24fbc1c') in 0.017975 seconds
  Import took 0.053101 seconds .

========================================================================
Received Import Request.
  Time since last request: 176.026115 seconds.
  path: Assets/Furniture_ges1/tv/Materials/tv_tex.mat
  artifactKey: Guid(eb523bd2fd654e74d9674bc7998f223b) Importer(815301076,1909f56bfc062723c751e8b465ee728b)
Start importing Assets/Furniture_ges1/tv/Materials/tv_tex.mat using Guid(eb523bd2fd654e74d9674bc7998f223b) Importer(815301076,1909f56bfc062723c751e8b465ee728b)  -> (artifact id: '48a7f7aefb537628fc16cb7bc02ee18a') in 0.089800 seconds
  Import took 0.123309 seconds .

========================================================================
Received Import Request.
  Time since last request: 0.000291 seconds.
  path: Assets/Furniture_ges1/interior/Materials/up.mat
  artifactKey: Guid(db3b42d38dcb41147b9a270dec49a21b) Importer(815301076,1909f56bfc062723c751e8b465ee728b)
Start importing Assets/Furniture_ges1/interior/Materials/up.mat using Guid(db3b42d38dcb41147b9a270dec49a21b) Importer(815301076,1909f56bfc062723c751e8b465ee728b)  -> (artifact id: '3d7165d146047c79794cd80b339ceaf7') in 0.087465 seconds
  Import took 0.118477 seconds .

========================================================================
Received Import Request.
  Time since last request: 0.000261 seconds.
  path: Assets/Furniture_ges1/tv/Materials/tv_tex.mat
  artifactKey: Guid(eb523bd2fd654e74d9674bc7998f223b) Importer(815301076,1909f56bfc062723c751e8b465ee728b)
Start importing Assets/Furniture_ges1/tv/Materials/tv_tex.mat using Guid(eb523bd2fd654e74d9674bc7998f223b) Importer(815301076,1909f56bfc062723c751e8b465ee728b)  -> (artifact id: '48a7f7aefb537628fc16cb7bc02ee18a') in 0.035666 seconds
  Import took 0.053253 seconds .

========================================================================
Received Import Request.
  Time since last request: 0.000344 seconds.
  path: Assets/Furniture_ges1/interior/Materials/wall.mat
  artifactKey: Guid(6481cd78347cf9143be28ea0d8e353c7) Importer(815301076,1909f56bfc062723c751e8b465ee728b)
Start importing Assets/Furniture_ges1/interior/Materials/wall.mat using Guid(6481cd78347cf9143be28ea0d8e353c7) Importer(815301076,1909f56bfc062723c751e8b465ee728b)  -> (artifact id: '4d5acec438bc9a377b9428ddd1bb9fbc') in 0.044756 seconds
  Import took 0.074704 seconds .

========================================================================
Received Import Request.
  Time since last request: 0.000258 seconds.
  path: Assets/Furniture_ges1/interior/Materials/wallpaper.mat
  artifactKey: Guid(1bc221fceb34586459ba6ae1ed591959) Importer(815301076,1909f56bfc062723c751e8b465ee728b)
Start importing Assets/Furniture_ges1/interior/Materials/wallpaper.mat using Guid(1bc221fceb34586459ba6ae1ed591959) Importer(815301076,1909f56bfc062723c751e8b465ee728b)  -> (artifact id: 'a45d02106c918732c3fdc60dd17d497d') in 0.051919 seconds
  Import took 0.068054 seconds .

========================================================================
Received Import Request.
  Time since last request: 0.000203 seconds.
  path: Assets/Furniture_ges1/kiti/Materials/wall2.mat
  artifactKey: Guid(d11b72c7d1cbeff4e8ff9794cdb5f062) Importer(815301076,1909f56bfc062723c751e8b465ee728b)
Start importing Assets/Furniture_ges1/kiti/Materials/wall2.mat using Guid(d11b72c7d1cbeff4e8ff9794cdb5f062) Importer(815301076,1909f56bfc062723c751e8b465ee728b)  -> (artifact id: '86a5c5713c143cb7d60097f69a703091') in 0.081628 seconds
  Import took 0.111492 seconds .

========================================================================
Received Import Request.
  Time since last request: 0.000177 seconds.
  path: Assets/Furniture_ges1/kiti/Materials/wallpaper.mat
  artifactKey: Guid(8f35e825251e22f428131d8b214b4a93) Importer(815301076,1909f56bfc062723c751e8b465ee728b)
Start importing Assets/Furniture_ges1/kiti/Materials/wallpaper.mat using Guid(8f35e825251e22f428131d8b214b4a93) Importer(815301076,1909f56bfc062723c751e8b465ee728b)  -> (artifact id: '7077f357c46ce48ea878ff90d1a10191') in 0.055298 seconds
  Import took 0.058522 seconds .

========================================================================
Received Import Request.
  Time since last request: 0.136199 seconds.
  path: Assets/Furniture_ges1/sek/Materials/sek2.mat
  artifactKey: Guid(4eb757cb0fc539d4f87bfe06c2a35c21) Importer(815301076,1909f56bfc062723c751e8b465ee728b)
Start importing Assets/Furniture_ges1/sek/Materials/sek2.mat using Guid(4eb757cb0fc539d4f87bfe06c2a35c21) Importer(815301076,1909f56bfc062723c751e8b465ee728b)  -> (artifact id: '5629ebfdd31c4157fc10540e6a70b2df') in 0.046171 seconds
  Import took 0.062935 seconds .

========================================================================
Received Import Request.
  Time since last request: 0.000222 seconds.
  path: Assets/Furniture_ges1/tumba_fur/Materials/tumba_texture.mat
  artifactKey: Guid(809a31aaed7d3364eab636c8a903e622) Importer(815301076,1909f56bfc062723c751e8b465ee728b)
Start importing Assets/Furniture_ges1/tumba_fur/Materials/tumba_texture.mat using Guid(809a31aaed7d3364eab636c8a903e622) Importer(815301076,1909f56bfc062723c751e8b465ee728b)  -> (artifact id: '07b6ac652e46e9a08e4c033d2ce8c211') in 0.029283 seconds
  Import took 0.049153 seconds .

========================================================================
Received Import Request.
  Time since last request: 0.000233 seconds.
  path: Assets/Furniture_ges1/screen/Materials/screen.mat
  artifactKey: Guid(a0ac5b90895077743a3196de11276987) Importer(815301076,1909f56bfc062723c751e8b465ee728b)
Start importing Assets/Furniture_ges1/screen/Materials/screen.mat using Guid(a0ac5b90895077743a3196de11276987) Importer(815301076,1909f56bfc062723c751e8b465ee728b)  -> (artifact id: 'd70a5681665ce7e7422605feed407ee9') in 0.081489 seconds
  Import took 0.111465 seconds .

========================================================================
Received Import Request.
  Time since last request: 0.000177 seconds.
  path: Assets/Furniture_ges1/speaker/Materials/speaker.mat
  artifactKey: Guid(da10c0ded77b4284e9101c1ef05e3f2d) Importer(815301076,1909f56bfc062723c751e8b465ee728b)
Start importing Assets/Furniture_ges1/speaker/Materials/speaker.mat using Guid(da10c0ded77b4284e9101c1ef05e3f2d) Importer(815301076,1909f56bfc062723c751e8b465ee728b)  -> (artifact id: 'eea7bdc6e55366f501d83fa4872d6fd0') in 0.069862 seconds
  Import took 0.089995 seconds .

========================================================================
Received Import Request.
  Time since last request: 0.000250 seconds.
  path: Assets/Furniture_ges1/interior/Materials/okno.mat
  artifactKey: Guid(430f0e4de0a4f814c9e18f04833b5771) Importer(815301076,1909f56bfc062723c751e8b465ee728b)
Start importing Assets/Furniture_ges1/interior/Materials/okno.mat using Guid(430f0e4de0a4f814c9e18f04833b5771) Importer(815301076,1909f56bfc062723c751e8b465ee728b)  -> (artifact id: 'e692caa99b53d468828cc04c5ec83844') in 0.032574 seconds
  Import took 0.035329 seconds .

========================================================================
Received Import Request.
  Time since last request: 0.000213 seconds.
  path: Assets/Furniture_ges1/sek/Materials/ruch.mat
  artifactKey: Guid(b3b5395afc760c04da69a48b948d6525) Importer(815301076,1909f56bfc062723c751e8b465ee728b)
Start importing Assets/Furniture_ges1/sek/Materials/ruch.mat using Guid(b3b5395afc760c04da69a48b948d6525) Importer(815301076,1909f56bfc062723c751e8b465ee728b)  -> (artifact id: 'e5cb12b50d3ce9533e2e3a16d464772c') in 0.014055 seconds
  Import took 0.017011 seconds .

========================================================================
Received Import Request.
  Time since last request: 0.000245 seconds.
  path: Assets/Furniture_ges1/sek/Materials/sek1.mat
  artifactKey: Guid(26021274ef3a7314b9f0df5fc9678ac0) Importer(815301076,1909f56bfc062723c751e8b465ee728b)
Start importing Assets/Furniture_ges1/sek/Materials/sek1.mat using Guid(26021274ef3a7314b9f0df5fc9678ac0) Importer(815301076,1909f56bfc062723c751e8b465ee728b)  -> (artifact id: '9feb33053762c925207b92bcd17d8bfb') in 0.016110 seconds
  Import took 0.039808 seconds .

========================================================================
Received Import Request.
  Time since last request: 0.000205 seconds.
  path: Assets/[Free] Phone/fbx and materials/Screen2k.mat
  artifactKey: Guid(b59597790486f4840b76f888406178c5) Importer(815301076,1909f56bfc062723c751e8b465ee728b)
Start importing Assets/[Free] Phone/fbx and materials/Screen2k.mat using Guid(b59597790486f4840b76f888406178c5) Importer(815301076,1909f56bfc062723c751e8b465ee728b)  -> (artifact id: '1f3334fc0b2795306776fed0cdb6f30d') in 0.017217 seconds
  Import took 0.024259 seconds .

========================================================================
Received Import Request.
  Time since last request: 0.000193 seconds.
  path: Assets/Furniture_ges1/interior/Materials/glass.mat
  artifactKey: Guid(0c55d4ae09569a04e90ec2e1f9e814f9) Importer(815301076,1909f56bfc062723c751e8b465ee728b)
Start importing Assets/Furniture_ges1/interior/Materials/glass.mat using Guid(0c55d4ae09569a04e90ec2e1f9e814f9) Importer(815301076,1909f56bfc062723c751e8b465ee728b)  -> (artifact id: '95b828957d870945e31102ea82b89e71') in 0.253783 seconds
  Import took 0.256675 seconds .

========================================================================
Received Import Request.
  Time since last request: 0.000200 seconds.
  path: Assets/Furniture_ges1/interior/Materials/Material #47.mat
  artifactKey: Guid(0646241ed45a4584496c9f961b9fc144) Importer(815301076,1909f56bfc062723c751e8b465ee728b)
Start importing Assets/Furniture_ges1/interior/Materials/Material #47.mat using Guid(0646241ed45a4584496c9f961b9fc144) Importer(815301076,1909f56bfc062723c751e8b465ee728b)  -> (artifact id: '8e4d37153591abc38b00245c76d8d1af') in 0.064938 seconds
  Import took 0.079244 seconds .

========================================================================
Received Import Request.
  Time since last request: 0.000254 seconds.
  path: Assets/Furniture_ges1/interior/Materials/Material #35.mat
  artifactKey: Guid(c421f6023c85c174bb30a1fcf090af7c) Importer(815301076,1909f56bfc062723c751e8b465ee728b)
Start importing Assets/Furniture_ges1/interior/Materials/Material #35.mat using Guid(c421f6023c85c174bb30a1fcf090af7c) Importer(815301076,1909f56bfc062723c751e8b465ee728b)  -> (artifact id: 'ac2a56a0e79ff2e6dcb6e04ec88f3329') in 0.012617 seconds
  Import took 0.021226 seconds .

========================================================================
Received Import Request.
  Time since last request: 0.000249 seconds.
  path: Assets/Furniture_ges1/interior/Materials/fonas1.mat
  artifactKey: Guid(c50b7926dfc877a4181e893febe49a7e) Importer(815301076,1909f56bfc062723c751e8b465ee728b)
Start importing Assets/Furniture_ges1/interior/Materials/fonas1.mat using Guid(c50b7926dfc877a4181e893febe49a7e) Importer(815301076,1909f56bfc062723c751e8b465ee728b)  -> (artifact id: '6a3e2d1457a4d728f2faa43c4b28fcf0') in 0.016775 seconds
  Import took 0.019599 seconds .

========================================================================
Received Import Request.
  Time since last request: 0.000259 seconds.
  path: Assets/Furniture_ges1/printer/Materials/printer.mat
  artifactKey: Guid(6e6ad01b38823a24f9bf58056de9efef) Importer(815301076,1909f56bfc062723c751e8b465ee728b)
Start importing Assets/Furniture_ges1/printer/Materials/printer.mat using Guid(6e6ad01b38823a24f9bf58056de9efef) Importer(815301076,1909f56bfc062723c751e8b465ee728b)  -> (artifact id: 'caa20e178c298a1ed96fff6621906b5e') in 0.024500 seconds
  Import took 0.044994 seconds .

========================================================================
Received Import Request.
  Time since last request: 0.000226 seconds.
  path: Assets/[Free] Phone/fbx and materials/Screen512.mat
  artifactKey: Guid(017a6494a230b02479a30169fe2e1cf1) Importer(815301076,1909f56bfc062723c751e8b465ee728b)
Start importing Assets/[Free] Phone/fbx and materials/Screen512.mat using Guid(017a6494a230b02479a30169fe2e1cf1) Importer(815301076,1909f56bfc062723c751e8b465ee728b)  -> (artifact id: '5815bc653b710c5bc4cff2436f3d20c0') in 0.016325 seconds
  Import took 0.041754 seconds .

========================================================================
Received Import Request.
  Time since last request: 0.000230 seconds.
  path: Assets/Furniture_ges1/lens/Materials/texture.mat
  artifactKey: Guid(9aca3cac790e78f49aa255c2efa10daf) Importer(815301076,1909f56bfc062723c751e8b465ee728b)
Start importing Assets/Furniture_ges1/lens/Materials/texture.mat using Guid(9aca3cac790e78f49aa255c2efa10daf) Importer(815301076,1909f56bfc062723c751e8b465ee728b)  -> (artifact id: 'ad0afd93c311396ead379686f9eb5296') in 0.017259 seconds
  Import took 0.020109 seconds .

========================================================================
Received Import Request.
  Time since last request: 0.000255 seconds.
  path: Assets/[Free] Phone/fbx and materials/Screen1k.mat
  artifactKey: Guid(8adc489959242814c928a2b16f6726b1) Importer(815301076,1909f56bfc062723c751e8b465ee728b)
Start importing Assets/[Free] Phone/fbx and materials/Screen1k.mat using Guid(8adc489959242814c928a2b16f6726b1) Importer(815301076,1909f56bfc062723c751e8b465ee728b)  -> (artifact id: 'aa4a0462849040790629cb88f049ef9c') in 0.015482 seconds
  Import took 0.024067 seconds .

========================================================================
Received Import Request.
  Time since last request: 1.454117 seconds.
  path: Assets/Furniture_ges1/speaker/Materials/bx5.mat
  artifactKey: Guid(8d54a38647251354a9756ef4864e4e67) Importer(815301076,1909f56bfc062723c751e8b465ee728b)
Start importing Assets/Furniture_ges1/speaker/Materials/bx5.mat using Guid(8d54a38647251354a9756ef4864e4e67) Importer(815301076,1909f56bfc062723c751e8b465ee728b)  -> (artifact id: '5dfa379214322c2a794dd666b107aed6') in 0.020751 seconds
  Import took 0.026333 seconds .

========================================================================
Received Import Request.
  Time since last request: 0.000181 seconds.
  path: Assets/[Free] Phone/fbx and materials/512.mat
  artifactKey: Guid(05ebba48484e3b1478045899e21d98da) Importer(815301076,1909f56bfc062723c751e8b465ee728b)
Start importing Assets/[Free] Phone/fbx and materials/512.mat using Guid(05ebba48484e3b1478045899e21d98da) Importer(815301076,1909f56bfc062723c751e8b465ee728b)  -> (artifact id: 'b643907799eef43c72a2c3a1d9e7d698') in 0.014135 seconds
  Import took 0.017451 seconds .

========================================================================
Received Import Request.
  Time since last request: 0.000227 seconds.
  path: Assets/Furniture_ges1/interior/Materials/floor.mat
  artifactKey: Guid(ce10802fb73da18439a79c6d38bc6e25) Importer(815301076,1909f56bfc062723c751e8b465ee728b)
Start importing Assets/Furniture_ges1/interior/Materials/floor.mat using Guid(ce10802fb73da18439a79c6d38bc6e25) Importer(815301076,1909f56bfc062723c751e8b465ee728b)  -> (artifact id: 'b953f084f4438e758fd64ab9feea5817') in 0.025252 seconds
  Import took 0.028231 seconds .

========================================================================
Received Import Request.
  Time since last request: 0.000168 seconds.
  path: Assets/Furniture_ges1/kiti/Materials/floor.mat
  artifactKey: Guid(5b5e6b42a30a82e449fd787865b58a3d) Importer(815301076,1909f56bfc062723c751e8b465ee728b)
Start importing Assets/Furniture_ges1/kiti/Materials/floor.mat using Guid(5b5e6b42a30a82e449fd787865b58a3d) Importer(815301076,1909f56bfc062723c751e8b465ee728b)  -> (artifact id: '33369f9a110e6c27b23fca2196782532') in 0.035339 seconds
  Import took 0.075334 seconds .

========================================================================
Received Import Request.
  Time since last request: 0.000167 seconds.
  path: Assets/Furniture_ges1/glass_table/Materials/18 - Default.mat
  artifactKey: Guid(d8f4052b91b762347b808acd0daef4a9) Importer(815301076,1909f56bfc062723c751e8b465ee728b)
Start importing Assets/Furniture_ges1/glass_table/Materials/18 - Default.mat using Guid(d8f4052b91b762347b808acd0daef4a9) Importer(815301076,1909f56bfc062723c751e8b465ee728b)  -> (artifact id: '3cf0222f68a9c307cabd9bb33c0fdea1') in 0.015778 seconds
  Import took 0.019066 seconds .

========================================================================
Received Import Request.
  Time since last request: 0.000214 seconds.
  path: Assets/Furniture_ges1/bed2/Materials/bed2.mat
  artifactKey: Guid(d1a39f9a5dcebb343b003dbf2caf1d63) Importer(815301076,1909f56bfc062723c751e8b465ee728b)
Start importing Assets/Furniture_ges1/bed2/Materials/bed2.mat using Guid(d1a39f9a5dcebb343b003dbf2caf1d63) Importer(815301076,1909f56bfc062723c751e8b465ee728b)  -> (artifact id: 'df72b74fd446df06ffd22ba743562568') in 0.019525 seconds
  Import took 0.045745 seconds .

========================================================================
Received Import Request.
  Time since last request: 0.000255 seconds.
  path: Assets/Furniture_ges1/bed1/Materials/bed1.mat
  artifactKey: Guid(d8920ac2ca276b7499ac8c00bdf5fbc8) Importer(815301076,1909f56bfc062723c751e8b465ee728b)
Start importing Assets/Furniture_ges1/bed1/Materials/bed1.mat using Guid(d8920ac2ca276b7499ac8c00bdf5fbc8) Importer(815301076,1909f56bfc062723c751e8b465ee728b)  -> (artifact id: '6205fddc1a707bba20e67a579aebc844') in 0.049421 seconds
  Import took 0.062343 seconds .

========================================================================
Received Import Request.
  Time since last request: 0.698432 seconds.
  path: Assets/[Free] Phone/fbx and materials/1k.mat
  artifactKey: Guid(e65538c4a1239b04d8a77a25ed7beb27) Importer(815301076,1909f56bfc062723c751e8b465ee728b)
Start importing Assets/[Free] Phone/fbx and materials/1k.mat using Guid(e65538c4a1239b04d8a77a25ed7beb27) Importer(815301076,1909f56bfc062723c751e8b465ee728b)  -> (artifact id: 'a758043b5f23645d55244d83b706cf45') in 0.019316 seconds
  Import took 0.022771 seconds .

========================================================================
Received Import Request.
  Time since last request: 0.000253 seconds.
  path: Assets/[Free] Phone/fbx and materials/2k.mat
  artifactKey: Guid(68fc2289a1d9b3340bbaa93e49610556) Importer(815301076,1909f56bfc062723c751e8b465ee728b)
Start importing Assets/[Free] Phone/fbx and materials/2k.mat using Guid(68fc2289a1d9b3340bbaa93e49610556) Importer(815301076,1909f56bfc062723c751e8b465ee728b)  -> (artifact id: '9e3ac040d62bcbc9aafc7d0a613d473d') in 0.027813 seconds
  Import took 0.040326 seconds .

========================================================================
Received Import Request.
  Time since last request: 0.000204 seconds.
  path: Assets/Furniture_ges1/interior/Materials/12 - Default.mat
  artifactKey: Guid(d2e0e8a83d787c341a2bcf7afe475d42) Importer(815301076,1909f56bfc062723c751e8b465ee728b)
Start importing Assets/Furniture_ges1/interior/Materials/12 - Default.mat using Guid(d2e0e8a83d787c341a2bcf7afe475d42) Importer(815301076,1909f56bfc062723c751e8b465ee728b)  -> (artifact id: '1e2ba945bfd11ea75605a3c836f15b0e') in 0.235903 seconds
  Import took 0.238852 seconds .

========================================================================
Received Import Request.
  Time since last request: 0.000212 seconds.
  path: Assets/Furniture_ges1/glass_table/Materials/12 - Default.mat
  artifactKey: Guid(fbe3b40107ec370468ffa5062af311ea) Importer(815301076,1909f56bfc062723c751e8b465ee728b)
Start importing Assets/Furniture_ges1/glass_table/Materials/12 - Default.mat using Guid(fbe3b40107ec370468ffa5062af311ea) Importer(815301076,1909f56bfc062723c751e8b465ee728b)  -> (artifact id: 'a63fb35ee7cff7daa6107e83edd766b3') in 0.011851 seconds
  Import took 0.014736 seconds .

========================================================================
Received Import Request.
  Time since last request: 0.000239 seconds.
  path: Assets/[Free] Phone/fbx and materials/1k.mat
  artifactKey: Guid(e65538c4a1239b04d8a77a25ed7beb27) Importer(815301076,1909f56bfc062723c751e8b465ee728b)
Start importing Assets/[Free] Phone/fbx and materials/1k.mat using Guid(e65538c4a1239b04d8a77a25ed7beb27) Importer(815301076,1909f56bfc062723c751e8b465ee728b)  -> (artifact id: 'a758043b5f23645d55244d83b706cf45') in 0.019930 seconds
  Import took 0.023221 seconds .

========================================================================
Received Import Request.
  Time since last request: 59.975546 seconds.
  path: Assets/[Free] Phone/Textures/AO1k.png
  artifactKey: Guid(5067eb01f11c5ac43b03a3c76d75e2d6) Importer(815301076,1909f56bfc062723c751e8b465ee728b)
Start importing Assets/[Free] Phone/Textures/AO1k.png using Guid(5067eb01f11c5ac43b03a3c76d75e2d6) Importer(815301076,1909f56bfc062723c751e8b465ee728b)  -> (artifact id: '83bedd4cfabca3e94ab4b052c93c1888') in 0.204209 seconds
  Import took 0.260711 seconds .

========================================================================
Received Import Request.
  Time since last request: 0.000231 seconds.
  path: Assets/Books/Textures/books.bmp
  artifactKey: Guid(f2f1bd0c786ec5743b8bcc0a2402b6c6) Importer(815301076,1909f56bfc062723c751e8b465ee728b)
Start importing Assets/Books/Textures/books.bmp using Guid(f2f1bd0c786ec5743b8bcc0a2402b6c6) Importer(815301076,1909f56bfc062723c751e8b465ee728b)  -> (artifact id: 'ba18976365279e187d9d05aac2d202dc') in 0.043628 seconds
  Import took 0.103827 seconds .

========================================================================
Received Import Request.
  Time since last request: 0.000236 seconds.
  path: Assets/[Free] Phone/Textures/AO1k.png
  artifactKey: Guid(5067eb01f11c5ac43b03a3c76d75e2d6) Importer(815301076,1909f56bfc062723c751e8b465ee728b)
Start importing Assets/[Free] Phone/Textures/AO1k.png using Guid(5067eb01f11c5ac43b03a3c76d75e2d6) Importer(815301076,1909f56bfc062723c751e8b465ee728b)  -> (artifact id: '83bedd4cfabca3e94ab4b052c93c1888') in 0.008339 seconds
  Import took 0.010967 seconds .

========================================================================
Received Import Request.
  Time since last request: 0.000201 seconds.
  path: Assets/[Free] Phone/Textures/AO512.png
  artifactKey: Guid(c0877a39b6d107640864a0b4a4574319) Importer(815301076,1909f56bfc062723c751e8b465ee728b)
Start importing Assets/[Free] Phone/Textures/AO512.png using Guid(c0877a39b6d107640864a0b4a4574319) Importer(815301076,1909f56bfc062723c751e8b465ee728b)  -> (artifact id: 'e63488fa64a3c94bd50ddaac30017cf4') in 0.014107 seconds
  Import took 0.017309 seconds .

========================================================================
Received Import Request.
  Time since last request: 0.000255 seconds.
  path: Assets/[Free] Phone/Textures/Diffuse512.png
  artifactKey: Guid(2cf7898d3dda2ea4990e8b3b2a260f59) Importer(815301076,1909f56bfc062723c751e8b465ee728b)
Start importing Assets/[Free] Phone/Textures/Diffuse512.png using Guid(2cf7898d3dda2ea4990e8b3b2a260f59) Importer(815301076,1909f56bfc062723c751e8b465ee728b)  -> (artifact id: 'c1683f35078b7e6cef35e10a4db826e1') in 0.015292 seconds
  Import took 0.019166 seconds .

========================================================================
Received Import Request.
  Time since last request: 0.000187 seconds.
  path: Assets/[Free] Phone/Textures/Metallic1k.png
  artifactKey: Guid(53775eaf77794704b97552ac87896645) Importer(815301076,1909f56bfc062723c751e8b465ee728b)
Start importing Assets/[Free] Phone/Textures/Metallic1k.png using Guid(53775eaf77794704b97552ac87896645) Importer(815301076,1909f56bfc062723c751e8b465ee728b)  -> (artifact id: 'a0f4374b5f144a249ea130b612f57d88') in 0.016508 seconds
  Import took 0.054754 seconds .

========================================================================
Received Import Request.
  Time since last request: 0.000182 seconds.
  path: Assets/[Free] Phone/Textures/Diffuse2k.png
  artifactKey: Guid(307f376048503ff44877812bc87d1421) Importer(815301076,1909f56bfc062723c751e8b465ee728b)
Start importing Assets/[Free] Phone/Textures/Diffuse2k.png using Guid(307f376048503ff44877812bc87d1421) Importer(815301076,1909f56bfc062723c751e8b465ee728b)  -> (artifact id: '25b13b00921baa5219197c337c7999e2') in 0.016410 seconds
  Import took 0.019980 seconds .

========================================================================
Received Import Request.
  Time since last request: 0.000244 seconds.
  path: Assets/[Free] Phone/Textures/Diffuse1k.png
  artifactKey: Guid(93dfe58b40231674f8b86a6cd151928f) Importer(815301076,1909f56bfc062723c751e8b465ee728b)
Start importing Assets/[Free] Phone/Textures/Diffuse1k.png using Guid(93dfe58b40231674f8b86a6cd151928f) Importer(815301076,1909f56bfc062723c751e8b465ee728b)  -> (artifact id: '13ee707348137d2371f765094af6043a') in 0.013566 seconds
  Import took 0.016859 seconds .

========================================================================
Received Import Request.
  Time since last request: 0.000298 seconds.
  path: Assets/[Free] Phone/Textures/AO2k.png
  artifactKey: Guid(29bb3a59ae509a34a901c3b03959996c) Importer(815301076,1909f56bfc062723c751e8b465ee728b)
Start importing Assets/[Free] Phone/Textures/AO2k.png using Guid(29bb3a59ae509a34a901c3b03959996c) Importer(815301076,1909f56bfc062723c751e8b465ee728b)  -> (artifact id: '9de8c513f0facb25ad086a683fc2d324') in 0.018250 seconds
  Import took 0.021313 seconds .

========================================================================
Received Import Request.
  Time since last request: 1.565640 seconds.
  path: Assets/[Free] Phone/Textures/Metallic512.png
  artifactKey: Guid(9b7e0b2f9fb923842929316372f4cf7d) Importer(815301076,1909f56bfc062723c751e8b465ee728b)
Start importing Assets/[Free] Phone/Textures/Metallic512.png using Guid(9b7e0b2f9fb923842929316372f4cf7d) Importer(815301076,1909f56bfc062723c751e8b465ee728b)  -> (artifact id: '6f24532a7861e3a5633f8ef4a6c2f3ce') in 0.012035 seconds
  Import took 0.015130 seconds .

========================================================================
Received Import Request.
  Time since last request: 0.000218 seconds.
  path: Assets/[Free] Phone/Textures/Mettalic2k.png
  artifactKey: Guid(6f7527b8e0cac1a47a7fbb0b745ce41d) Importer(815301076,1909f56bfc062723c751e8b465ee728b)
Start importing Assets/[Free] Phone/Textures/Mettalic2k.png using Guid(6f7527b8e0cac1a47a7fbb0b745ce41d) Importer(815301076,1909f56bfc062723c751e8b465ee728b)  -> (artifact id: 'f06cef613b980a29fabee422477f79fd') in 0.018675 seconds
  Import took 0.021411 seconds .

========================================================================
Received Import Request.
  Time since last request: 0.000207 seconds.
  path: Assets/[Free] Phone/Textures/Metallic512.png
  artifactKey: Guid(9b7e0b2f9fb923842929316372f4cf7d) Importer(815301076,1909f56bfc062723c751e8b465ee728b)
Start importing Assets/[Free] Phone/Textures/Metallic512.png using Guid(9b7e0b2f9fb923842929316372f4cf7d) Importer(815301076,1909f56bfc062723c751e8b465ee728b)  -> (artifact id: '6f24532a7861e3a5633f8ef4a6c2f3ce') in 0.034596 seconds
  Import took 0.038208 seconds .

========================================================================
Received Import Request.
  Time since last request: 0.000219 seconds.
  path: Assets/[Free] Phone/Textures/Mettalic2k.png
  artifactKey: Guid(6f7527b8e0cac1a47a7fbb0b745ce41d) Importer(815301076,1909f56bfc062723c751e8b465ee728b)
Start importing Assets/[Free] Phone/Textures/Mettalic2k.png using Guid(6f7527b8e0cac1a47a7fbb0b745ce41d) Importer(815301076,1909f56bfc062723c751e8b465ee728b)  -> (artifact id: 'f06cef613b980a29fabee422477f79fd') in 0.011048 seconds
  Import took 0.014533 seconds .

========================================================================
Received Prepare
Registering precompiled user dll's ...
Registered in 0.000999 seconds.
Begin MonoManager ReloadAssembly
Native extension for WindowsStandalone target not found
Refreshing native plugins compatible for Editor in 0.43 ms, found 0 plugins.
Preloading 0 native plugins for Editor in 0.00 ms.
Mono: successfully reloaded assembly
- Completed reload, in  0.893 seconds
Platform modules already initialized, skipping
Refreshing native plugins compatible for Editor in 0.34 ms, found 0 plugins.
Preloading 0 native plugins for Editor in 0.00 ms.
Unloading 1544 Unused Serialized files (Serialized files now loaded: 0)
System memory in use before: 82.1 MB.
System memory in use after: 82.2 MB.

Unloading 5 unused Assets to reduce memory usage. Loaded Objects now: 2094.
Total: 2.067600 ms (FindLiveObjects: 0.145900 ms CreateObjectMapping: 0.070700 ms MarkObjects: 1.765500 ms  DeleteObjects: 0.084300 ms)

========================================================================
Received Import Request.
  Time since last request: 430.191473 seconds.
  path: Assets/Animation/phone1k.controller
  artifactKey: Guid(e6ea9d478a263184e86462cd992c36ea) Importer(815301076,1909f56bfc062723c751e8b465ee728b)
Start importing Assets/Animation/phone1k.controller using Guid(e6ea9d478a263184e86462cd992c36ea) Importer(815301076,1909f56bfc062723c751e8b465ee728b)  -> (artifact id: 'a6b12e53e677f9538cdae1006db3b75c') in 0.028262 seconds
  Import took 0.031594 seconds .

========================================================================
Received Import Request.
  Time since last request: 11.678715 seconds.
  path: Assets/Animation/mainmenu.anim
  artifactKey: Guid(17e63e25e4642ae4cbd6e34559580a2d) Importer(815301076,1909f56bfc062723c751e8b465ee728b)
Start importing Assets/Animation/mainmenu.anim using Guid(17e63e25e4642ae4cbd6e34559580a2d) Importer(815301076,1909f56bfc062723c751e8b465ee728b)  -> (artifact id: 'e6931b98881ce534587d4056599b51cc') in 0.012809 seconds
  Import took 0.016092 seconds .

========================================================================
Received Import Request.
  Time since last request: 0.004406 seconds.
  path: Assets/Animation/mainmenu.anim
  artifactKey: Guid(17e63e25e4642ae4cbd6e34559580a2d) Importer(815301076,1909f56bfc062723c751e8b465ee728b)
Start importing Assets/Animation/mainmenu.anim using Guid(17e63e25e4642ae4cbd6e34559580a2d) Importer(815301076,1909f56bfc062723c751e8b465ee728b)  -> (artifact id: 'e6931b98881ce534587d4056599b51cc') in 0.020111 seconds
  Import took 0.023312 seconds .

========================================================================
Received Prepare
Registering precompiled user dll's ...
Registered in 0.000983 seconds.
Begin MonoManager ReloadAssembly
Native extension for WindowsStandalone target not found
Refreshing native plugins compatible for Editor in 0.33 ms, found 0 plugins.
Preloading 0 native plugins for Editor in 0.00 ms.
Mono: successfully reloaded assembly
- Completed reload, in  0.896 seconds
Platform modules already initialized, skipping
Refreshing native plugins compatible for Editor in 0.32 ms, found 0 plugins.
Preloading 0 native plugins for Editor in 0.00 ms.
Unloading 1544 Unused Serialized files (Serialized files now loaded: 0)
System memory in use before: 81.9 MB.
System memory in use after: 82.0 MB.

Unloading 5 unused Assets to reduce memory usage. Loaded Objects now: 2097.
Total: 2.129000 ms (FindLiveObjects: 0.181300 ms CreateObjectMapping: 0.051200 ms MarkObjects: 1.754700 ms  DeleteObjects: 0.141000 ms)

========================================================================
Received Import Request.
  Time since last request: 97.635754 seconds.
  path: Assets/Animation/mainmenu.anim
  artifactKey: Guid(17e63e25e4642ae4cbd6e34559580a2d) Importer(815301076,1909f56bfc062723c751e8b465ee728b)
Start importing Assets/Animation/mainmenu.anim using Guid(17e63e25e4642ae4cbd6e34559580a2d) Importer(815301076,1909f56bfc062723c751e8b465ee728b)  -> (artifact id: '9ee0531e25e3ef78e6d4cd1b7a37e3c1') in 0.023156 seconds
  Import took 0.026352 seconds .

========================================================================
Received Import Request.
  Time since last request: 4.096027 seconds.
  path: Assets/Animation/mainmenu.anim
  artifactKey: Guid(17e63e25e4642ae4cbd6e34559580a2d) Importer(815301076,1909f56bfc062723c751e8b465ee728b)
Start importing Assets/Animation/mainmenu.anim using Guid(17e63e25e4642ae4cbd6e34559580a2d) Importer(815301076,1909f56bfc062723c751e8b465ee728b)  -> (artifact id: '68875b5331d5ddbc0e2492dc89984ecb') in 0.003933 seconds
  Import took 0.036643 seconds .

========================================================================
Received Prepare
Registering precompiled user dll's ...
Registered in 0.001141 seconds.
Begin MonoManager ReloadAssembly
Native extension for WindowsStandalone target not found
Refreshing native plugins compatible for Editor in 0.32 ms, found 0 plugins.
Preloading 0 native plugins for Editor in 0.00 ms.
Mono: successfully reloaded assembly
- Completed reload, in  0.884 seconds
Platform modules already initialized, skipping
Refreshing native plugins compatible for Editor in 0.36 ms, found 0 plugins.
Preloading 0 native plugins for Editor in 0.00 ms.
Unloading 1544 Unused Serialized files (Serialized files now loaded: 0)
System memory in use before: 81.9 MB.
System memory in use after: 82.0 MB.

Unloading 5 unused Assets to reduce memory usage. Loaded Objects now: 2100.
Total: 2.102100 ms (FindLiveObjects: 0.184200 ms CreateObjectMapping: 0.051900 ms MarkObjects: 1.735100 ms  DeleteObjects: 0.130100 ms)

========================================================================
Received Prepare
Registering precompiled user dll's ...
Registered in 0.000892 seconds.
Begin MonoManager ReloadAssembly
Native extension for WindowsStandalone target not found
Refreshing native plugins compatible for Editor in 0.32 ms, found 0 plugins.
Preloading 0 native plugins for Editor in 0.00 ms.
Mono: successfully reloaded assembly
- Completed reload, in  0.877 seconds
Platform modules already initialized, skipping
Refreshing native plugins compatible for Editor in 0.33 ms, found 0 plugins.
Preloading 0 native plugins for Editor in 0.00 ms.
Unloading 1544 Unused Serialized files (Serialized files now loaded: 0)
System memory in use before: 81.9 MB.
System memory in use after: 82.0 MB.

Unloading 5 unused Assets to reduce memory usage. Loaded Objects now: 2103.
Total: 2.157700 ms (FindLiveObjects: 0.224800 ms CreateObjectMapping: 0.064000 ms MarkObjects: 1.741700 ms  DeleteObjects: 0.126300 ms)

========================================================================
Received Prepare
Registering precompiled user dll's ...
Registered in 0.000892 seconds.
Begin MonoManager ReloadAssembly
Native extension for WindowsStandalone target not found
Refreshing native plugins compatible for Editor in 0.33 ms, found 0 plugins.
Preloading 0 native plugins for Editor in 0.00 ms.
Mono: successfully reloaded assembly
- Completed reload, in  0.897 seconds
Platform modules already initialized, skipping
Refreshing native plugins compatible for Editor in 0.33 ms, found 0 plugins.
Preloading 0 native plugins for Editor in 0.00 ms.
Unloading 1544 Unused Serialized files (Serialized files now loaded: 0)
System memory in use before: 81.9 MB.
System memory in use after: 82.0 MB.

Unloading 5 unused Assets to reduce memory usage. Loaded Objects now: 2106.
Total: 1.944900 ms (FindLiveObjects: 0.141300 ms CreateObjectMapping: 0.049400 ms MarkObjects: 1.628700 ms  DeleteObjects: 0.124700 ms)

========================================================================
Received Prepare
Registering precompiled user dll's ...
Registered in 0.000823 seconds.
Begin MonoManager ReloadAssembly
Native extension for WindowsStandalone target not found
Refreshing native plugins compatible for Editor in 0.32 ms, found 0 plugins.
Preloading 0 native plugins for Editor in 0.00 ms.
Mono: successfully reloaded assembly
- Completed reload, in  0.883 seconds
Platform modules already initialized, skipping
Refreshing native plugins compatible for Editor in 0.33 ms, found 0 plugins.
Preloading 0 native plugins for Editor in 0.00 ms.
Unloading 1544 Unused Serialized files (Serialized files now loaded: 0)
System memory in use before: 82.0 MB.
System memory in use after: 82.0 MB.

Unloading 5 unused Assets to reduce memory usage. Loaded Objects now: 2109.
Total: 1.851400 ms (FindLiveObjects: 0.211000 ms CreateObjectMapping: 0.053500 ms MarkObjects: 1.436400 ms  DeleteObjects: 0.149600 ms)

========================================================================
Received Import Request.
  Time since last request: 197.210237 seconds.
  path: Assets/Scenes/GameScene.unity
  artifactKey: Guid(9fc0d4010bbf28b4594072e72b8655ab) Importer(815301076,1909f56bfc062723c751e8b465ee728b)
Start importing Assets/Scenes/GameScene.unity using Guid(9fc0d4010bbf28b4594072e72b8655ab) Importer(815301076,1909f56bfc062723c751e8b465ee728b)  -> (artifact id: '129899e95d5cb1f796014ec566033081') in 0.053269 seconds
  Import took 0.070781 seconds .

========================================================================
Received Import Request.
  Time since last request: 151.580846 seconds.
  path: Assets/Texture/Untitled-1.png
  artifactKey: Guid(dfa17be4cc2ced9448643120dbe5c089) Importer(815301076,1909f56bfc062723c751e8b465ee728b)
Start importing Assets/Texture/Untitled-1.png using Guid(dfa17be4cc2ced9448643120dbe5c089) Importer(815301076,1909f56bfc062723c751e8b465ee728b)  -> (artifact id: '795acad550c0343360e2097e03f1e471') in 0.041240 seconds
  Import took 0.045534 seconds .

========================================================================
Received Import Request.
  Time since last request: 4.283965 seconds.
  path: Assets/Texture/MainMenu.png
  artifactKey: Guid(dfa17be4cc2ced9448643120dbe5c089) Importer(815301076,1909f56bfc062723c751e8b465ee728b)
Start importing Assets/Texture/MainMenu.png using Guid(dfa17be4cc2ced9448643120dbe5c089) Importer(815301076,1909f56bfc062723c751e8b465ee728b)  -> (artifact id: '991864abae093abd055f87fbb7c0af9f') in 0.012923 seconds
  Import took 0.016049 seconds .

========================================================================
Received Import Request.
  Time since last request: 13.747869 seconds.
  path: Assets/Scenes/MainMenu.unity
  artifactKey: Guid(db39f4c6b402c924d9149d7615b31f00) Importer(815301076,1909f56bfc062723c751e8b465ee728b)
Start importing Assets/Scenes/MainMenu.unity using Guid(db39f4c6b402c924d9149d7615b31f00) Importer(815301076,1909f56bfc062723c751e8b465ee728b)  -> (artifact id: '7a7b275434e41f84a170bba36c032904') in 0.003837 seconds
  Import took 0.006802 seconds .

========================================================================
Received Import Request.
  Time since last request: 33.558992 seconds.
  path: Assets/Materials/MainMenu.mat
  artifactKey: Guid(569294eee795263458bf01fb4ba71e76) Importer(815301076,1909f56bfc062723c751e8b465ee728b)
Start importing Assets/Materials/MainMenu.mat using Guid(569294eee795263458bf01fb4ba71e76) Importer(815301076,1909f56bfc062723c751e8b465ee728b)  -> (artifact id: 'ecc625ec8b4b88c11d1c5bfb92db199d') in 0.037628 seconds
  Import took 0.041403 seconds .

========================================================================
Received Import Request.
  Time since last request: 47.489327 seconds.
  path: Assets/Materials/MainMenu.mat
  artifactKey: Guid(569294eee795263458bf01fb4ba71e76) Importer(815301076,1909f56bfc062723c751e8b465ee728b)
Start importing Assets/Materials/MainMenu.mat using Guid(569294eee795263458bf01fb4ba71e76) Importer(815301076,1909f56bfc062723c751e8b465ee728b)  -> (artifact id: '542a9bce648c068c357a5cc0fcd5e987') in 0.017363 seconds
  Import took 0.021542 seconds .

========================================================================
Received Import Request.
  Time since last request: 13.921605 seconds.
  path: Assets/Materials/MainMenu.mat
  artifactKey: Guid(569294eee795263458bf01fb4ba71e76) Importer(815301076,1909f56bfc062723c751e8b465ee728b)
Start importing Assets/Materials/MainMenu.mat using Guid(569294eee795263458bf01fb4ba71e76) Importer(815301076,1909f56bfc062723c751e8b465ee728b)  -> (artifact id: '10d0823c2c539df5898a1c5d177b5f55') in 0.015343 seconds
  Import took 0.019219 seconds .

========================================================================
Received Import Request.
  Time since last request: 21.391160 seconds.
  path: Assets/Materials/MainMenu.mat
  artifactKey: Guid(569294eee795263458bf01fb4ba71e76) Importer(815301076,1909f56bfc062723c751e8b465ee728b)
Start importing Assets/Materials/MainMenu.mat using Guid(569294eee795263458bf01fb4ba71e76) Importer(815301076,1909f56bfc062723c751e8b465ee728b)  -> (artifact id: '2e4582cbac29bb6de72b16bb2ed8ce31') in 0.029137 seconds
  Import took 0.032222 seconds .

========================================================================
Received Import Request.
  Time since last request: 18.925462 seconds.
  path: Assets/Materials/MainMenu.mat
  artifactKey: Guid(569294eee795263458bf01fb4ba71e76) Importer(815301076,1909f56bfc062723c751e8b465ee728b)
Start importing Assets/Materials/MainMenu.mat using Guid(569294eee795263458bf01fb4ba71e76) Importer(815301076,1909f56bfc062723c751e8b465ee728b)  -> (artifact id: '798b1ea4ba02f1778e7239d1033fd30a') in 0.013497 seconds
  Import took 0.016692 seconds .

========================================================================
Received Import Request.
  Time since last request: 46.784260 seconds.
  path: Assets/Materials/MainMenu.mat
  artifactKey: Guid(569294eee795263458bf01fb4ba71e76) Importer(815301076,1909f56bfc062723c751e8b465ee728b)
Start importing Assets/Materials/MainMenu.mat using Guid(569294eee795263458bf01fb4ba71e76) Importer(815301076,1909f56bfc062723c751e8b465ee728b)  -> (artifact id: '683943903df65d7b40da1241d08500e7') in 0.041229 seconds
  Import took 0.045046 seconds .

========================================================================
Received Prepare
Registering precompiled user dll's ...
Registered in 0.000923 seconds.
Begin MonoManager ReloadAssembly
Native extension for WindowsStandalone target not found
Refreshing native plugins compatible for Editor in 0.35 ms, found 0 plugins.
Preloading 0 native plugins for Editor in 0.00 ms.
Mono: successfully reloaded assembly
- Completed reload, in  0.922 seconds
Platform modules already initialized, skipping
Refreshing native plugins compatible for Editor in 0.33 ms, found 0 plugins.
Preloading 0 native plugins for Editor in 0.00 ms.
Unloading 1544 Unused Serialized files (Serialized files now loaded: 0)
System memory in use before: 82.1 MB.
System memory in use after: 82.1 MB.

Unloading 5 unused Assets to reduce memory usage. Loaded Objects now: 2115.
Total: 2.142400 ms (FindLiveObjects: 0.178600 ms CreateObjectMapping: 0.048100 ms MarkObjects: 1.803600 ms  DeleteObjects: 0.111000 ms)

========================================================================
Received Import Request.
  Time since last request: 315.322028 seconds.
  path: Assets/TextMesh Pro/Resources/Fonts & Materials/LiberationSans SDF - Drop Shadow.mat
  artifactKey: Guid(e73a58f6e2794ae7b1b7e50b7fb811b0) Importer(815301076,1909f56bfc062723c751e8b465ee728b)
Start importing Assets/TextMesh Pro/Resources/Fonts & Materials/LiberationSans SDF - Drop Shadow.mat using Guid(e73a58f6e2794ae7b1b7e50b7fb811b0) Importer(815301076,1909f56bfc062723c751e8b465ee728b)  -> (artifact id: 'ca0d2861f60500f05bd29199894f7bb5') in 0.102346 seconds
  Import took 0.106953 seconds .

========================================================================
Received Import Request.
  Time since last request: 0.000235 seconds.
  path: Assets/TextMesh Pro/Resources/Fonts & Materials/LiberationSans SDF - Outline.mat
  artifactKey: Guid(79459efec17a4d00a321bdcc27bbc385) Importer(815301076,1909f56bfc062723c751e8b465ee728b)
Start importing Assets/TextMesh Pro/Resources/Fonts & Materials/LiberationSans SDF - Outline.mat using Guid(79459efec17a4d00a321bdcc27bbc385) Importer(815301076,1909f56bfc062723c751e8b465ee728b)  -> (artifact id: '289988fcecf3b00d1602f8d2b589f7dd') in 0.034660 seconds
  Import took 0.037712 seconds .

========================================================================
Received Import Request.
  Time since last request: 0.000225 seconds.
  path: Assets/TextMesh Pro/Resources/Fonts & Materials/LiberationSans SDF - Fallback.asset
  artifactKey: Guid(2e498d1c8094910479dc3e1b768306a4) Importer(815301076,1909f56bfc062723c751e8b465ee728b)
Start importing Assets/TextMesh Pro/Resources/Fonts & Materials/LiberationSans SDF - Fallback.asset using Guid(2e498d1c8094910479dc3e1b768306a4) Importer(815301076,1909f56bfc062723c751e8b465ee728b)  -> (artifact id: '4a8969be7118b20601ec9ee43f67d66f') in 0.058612 seconds
  Import took 0.062292 seconds .

========================================================================
Received Import Request.
  Time since last request: 0.000227 seconds.
  path: Assets/TextMesh Pro/Resources/Fonts & Materials/LiberationSans SDF - Drop Shadow.mat
  artifactKey: Guid(e73a58f6e2794ae7b1b7e50b7fb811b0) Importer(815301076,1909f56bfc062723c751e8b465ee728b)
Start importing Assets/TextMesh Pro/Resources/Fonts & Materials/LiberationSans SDF - Drop Shadow.mat using Guid(e73a58f6e2794ae7b1b7e50b7fb811b0) Importer(815301076,1909f56bfc062723c751e8b465ee728b)  -> (artifact id: 'ca0d2861f60500f05bd29199894f7bb5') in 0.028743 seconds
  Import took 0.031940 seconds .

========================================================================
Received Import Request.
  Time since last request: 0.000285 seconds.
  path: Assets/TextMesh Pro/Resources/Fonts & Materials/LiberationSans SDF - Fallback.asset
  artifactKey: Guid(2e498d1c8094910479dc3e1b768306a4) Importer(815301076,1909f56bfc062723c751e8b465ee728b)
Start importing Assets/TextMesh Pro/Resources/Fonts & Materials/LiberationSans SDF - Fallback.asset using Guid(2e498d1c8094910479dc3e1b768306a4) Importer(815301076,1909f56bfc062723c751e8b465ee728b)  -> (artifact id: '4a8969be7118b20601ec9ee43f67d66f') in 0.022487 seconds
  Import took 0.025982 seconds .

========================================================================
Received Import Request.
  Time since last request: 0.000176 seconds.
  path: Assets/TextMesh Pro/Resources/Fonts & Materials/LiberationSans SDF.asset
  artifactKey: Guid(8f586378b4e144a9851e7b34d9b748ee) Importer(815301076,1909f56bfc062723c751e8b465ee728b)
Start importing Assets/TextMesh Pro/Resources/Fonts & Materials/LiberationSans SDF.asset using Guid(8f586378b4e144a9851e7b34d9b748ee) Importer(815301076,1909f56bfc062723c751e8b465ee728b)  -> (artifact id: '2b9bd8289c05a94aca39cd3b230a02ea') in 0.042505 seconds
  Import took 0.045504 seconds .

========================================================================
Received Import Request.
  Time since last request: 0.005135 seconds.
  path: Assets/TextMesh Pro/Resources/Fonts & Materials/LiberationSans SDF.asset
  artifactKey: Guid(8f586378b4e144a9851e7b34d9b748ee) Importer(815301076,1909f56bfc062723c751e8b465ee728b)
Start importing Assets/TextMesh Pro/Resources/Fonts & Materials/LiberationSans SDF.asset using Guid(8f586378b4e144a9851e7b34d9b748ee) Importer(815301076,1909f56bfc062723c751e8b465ee728b)  -> (artifact id: '2b9bd8289c05a94aca39cd3b230a02ea') in 0.043322 seconds
  Import took 0.046716 seconds .

========================================================================
Received Import Request.
  Time since last request: 53.871787 seconds.
  path: Assets/TextMesh Pro/Resources/Sprite Assets/EmojiOne.asset
  artifactKey: Guid(c41005c129ba4d66911b75229fd70b45) Importer(815301076,1909f56bfc062723c751e8b465ee728b)
Start importing Assets/TextMesh Pro/Resources/Sprite Assets/EmojiOne.asset using Guid(c41005c129ba4d66911b75229fd70b45) Importer(815301076,1909f56bfc062723c751e8b465ee728b)  -> (artifact id: '093a2cdfc4701742cd4e2e9653a3929b') in 0.014185 seconds
  Import took 0.017237 seconds .

========================================================================
Received Import Request.
  Time since last request: 0.626375 seconds.
  path: Assets/TextMesh Pro/Resources/Style Sheets/Default Style Sheet.asset
  artifactKey: Guid(f952c082cb03451daed3ee968ac6c63e) Importer(815301076,1909f56bfc062723c751e8b465ee728b)
Start importing Assets/TextMesh Pro/Resources/Style Sheets/Default Style Sheet.asset using Guid(f952c082cb03451daed3ee968ac6c63e) Importer(815301076,1909f56bfc062723c751e8b465ee728b)  -> (artifact id: '99846f5a5cef2b9fb3476a6a84d35918') in 0.009509 seconds
  Import took 0.012391 seconds .

========================================================================
Received Import Request.
  Time since last request: 30.337493 seconds.
  path: Assets/TextMesh Pro/Fonts/LiberationSans.ttf
  artifactKey: Guid(e3265ab4bf004d28a9537516768c1c75) Importer(815301076,1909f56bfc062723c751e8b465ee728b)
Start importing Assets/TextMesh Pro/Fonts/LiberationSans.ttf using Guid(e3265ab4bf004d28a9537516768c1c75) Importer(815301076,1909f56bfc062723c751e8b465ee728b)  -> (artifact id: 'bdddd331c3f1b7826858a8d92db67e39') in 0.065883 seconds
  Import took 0.069095 seconds .

========================================================================
Received Import Request.
  Time since last request: 76.758580 seconds.
  path: Assets/TextMesh Pro/Fonts/futur.ttf
  artifactKey: Guid(4d91b43b77e67aa43844d8fc544ec0ed) Importer(815301076,1909f56bfc062723c751e8b465ee728b)
Start importing Assets/TextMesh Pro/Fonts/futur.ttf using Guid(4d91b43b77e67aa43844d8fc544ec0ed) Importer(815301076,1909f56bfc062723c751e8b465ee728b)  -> (artifact id: '7a75257e9db9ada2ef3a75a42edccbc2') in 0.020549 seconds
  Import took 0.024789 seconds .

========================================================================
Received Import Request.
  Time since last request: 27.525273 seconds.
  path: Assets/TextMesh Pro/Resources/Fonts & Materials/futur SDF.asset
  artifactKey: Guid(b24dc33b00489b74ea16b0abd69476d6) Importer(815301076,1909f56bfc062723c751e8b465ee728b)
Start importing Assets/TextMesh Pro/Resources/Fonts & Materials/futur SDF.asset using Guid(b24dc33b00489b74ea16b0abd69476d6) Importer(815301076,1909f56bfc062723c751e8b465ee728b) Shader 'TextMeshPro/Distance Field': fallback shader 'TextMeshPro/Mobile/Distance Field' not found
 -> (artifact id: '83503db602de87a85e3c639a645401b1') in 0.028775 seconds
  Import took 0.033389 seconds .

========================================================================
Received Import Request.
  Time since last request: 12.992524 seconds.
  path: Assets/TextMesh Pro/Resources/Fonts & Materials/futur SDF.asset
  artifactKey: Guid(b24dc33b00489b74ea16b0abd69476d6) Importer(815301076,1909f56bfc062723c751e8b465ee728b)
Start importing Assets/TextMesh Pro/Resources/Fonts & Materials/futur SDF.asset using Guid(b24dc33b00489b74ea16b0abd69476d6) Importer(815301076,1909f56bfc062723c751e8b465ee728b) Shader 'TextMeshPro/Distance Field': fallback shader 'TextMeshPro/Mobile/Distance Field' not found
 -> (artifact id: '8de4648eb87d26b3056dfe7dbb359904') in 0.039925 seconds
  Import took 0.045831 seconds .

========================================================================
Received Import Request.
  Time since last request: 5.512780 seconds.
  path: Assets/TextMesh Pro/Resources/Fonts & Materials/futur SDF.asset
  artifactKey: Guid(b24dc33b00489b74ea16b0abd69476d6) Importer(815301076,1909f56bfc062723c751e8b465ee728b)
Start importing Assets/TextMesh Pro/Resources/Fonts & Materials/futur SDF.asset using Guid(b24dc33b00489b74ea16b0abd69476d6) Importer(815301076,1909f56bfc062723c751e8b465ee728b) Shader 'TextMeshPro/Distance Field': fallback shader 'TextMeshPro/Mobile/Distance Field' not found
 -> (artifact id: 'b2a5816f4061e3b7ac8b887aee1a551e') in 0.030658 seconds
  Import took 0.035905 seconds .

========================================================================
Received Import Request.
  Time since last request: 3.054500 seconds.
  path: Assets/TextMesh Pro/Resources/Fonts & Materials/futur SDF.asset
  artifactKey: Guid(b24dc33b00489b74ea16b0abd69476d6) Importer(815301076,1909f56bfc062723c751e8b465ee728b)
Start importing Assets/TextMesh Pro/Resources/Fonts & Materials/futur SDF.asset using Guid(b24dc33b00489b74ea16b0abd69476d6) Importer(815301076,1909f56bfc062723c751e8b465ee728b) Shader 'TextMeshPro/Distance Field': fallback shader 'TextMeshPro/Mobile/Distance Field' not found
 -> (artifact id: 'e25671bfcfebf3506d9689559e9a9f19') in 0.032601 seconds
  Import took 0.037869 seconds .

========================================================================
Received Import Request.
  Time since last request: 8.347534 seconds.
  path: Assets/TextMesh Pro/Resources/Fonts & Materials/futur SDF.asset
  artifactKey: Guid(b24dc33b00489b74ea16b0abd69476d6) Importer(815301076,1909f56bfc062723c751e8b465ee728b)
Start importing Assets/TextMesh Pro/Resources/Fonts & Materials/futur SDF.asset using Guid(b24dc33b00489b74ea16b0abd69476d6) Importer(815301076,1909f56bfc062723c751e8b465ee728b) Shader 'TextMeshPro/Distance Field': fallback shader 'TextMeshPro/Mobile/Distance Field' not found
 -> (artifact id: '201a2024d708a239292a7c2f2e79bb61') in 0.032034 seconds
  Import took 0.037912 seconds .

========================================================================
Received Import Request.
  Time since last request: 50.286313 seconds.
  path: Assets/TextMesh Pro/Resources/Fonts & Materials/futur SDF.asset
  artifactKey: Guid(b24dc33b00489b74ea16b0abd69476d6) Importer(815301076,1909f56bfc062723c751e8b465ee728b)
Start importing Assets/TextMesh Pro/Resources/Fonts & Materials/futur SDF.asset using Guid(b24dc33b00489b74ea16b0abd69476d6) Importer(815301076,1909f56bfc062723c751e8b465ee728b) Shader 'TextMeshPro/Distance Field': fallback shader 'TextMeshPro/Mobile/Distance Field' not found
 -> (artifact id: 'b3f21088a2b91e7402228e874efa91a6') in 0.030310 seconds
  Import took 0.035117 seconds .

========================================================================
Received Import Request.
  Time since last request: 14.747813 seconds.
  path: Assets/TextMesh Pro/Resources/Fonts & Materials/futur SDF.asset
  artifactKey: Guid(b24dc33b00489b74ea16b0abd69476d6) Importer(815301076,1909f56bfc062723c751e8b465ee728b)
Start importing Assets/TextMesh Pro/Resources/Fonts & Materials/futur SDF.asset using Guid(b24dc33b00489b74ea16b0abd69476d6) Importer(815301076,1909f56bfc062723c751e8b465ee728b) Shader 'TextMeshPro/Distance Field': fallback shader 'TextMeshPro/Mobile/Distance Field' not found
 -> (artifact id: '3c87ca9f27364cabe75b2a3c9eda0448') in 0.039316 seconds
  Import took 0.044278 seconds .

========================================================================
Received Import Request.
  Time since last request: 44.577952 seconds.
  path: Assets/TextMesh Pro/Resources/Fonts & Materials/futur SDF.asset
  artifactKey: Guid(b24dc33b00489b74ea16b0abd69476d6) Importer(815301076,1909f56bfc062723c751e8b465ee728b)
Start importing Assets/TextMesh Pro/Resources/Fonts & Materials/futur SDF.asset using Guid(b24dc33b00489b74ea16b0abd69476d6) Importer(815301076,1909f56bfc062723c751e8b465ee728b) Shader 'TextMeshPro/Distance Field': fallback shader 'TextMeshPro/Mobile/Distance Field' not found
 -> (artifact id: '107fd102a684c6f54b26e69be9c70754') in 0.031544 seconds
  Import took 0.037350 seconds .

========================================================================
Received Import Request.
  Time since last request: 156.365050 seconds.
  path: Assets/TextMesh Pro/Resources/Fonts & Materials/futur SDF.asset
  artifactKey: Guid(b24dc33b00489b74ea16b0abd69476d6) Importer(815301076,1909f56bfc062723c751e8b465ee728b)
Start importing Assets/TextMesh Pro/Resources/Fonts & Materials/futur SDF.asset using Guid(b24dc33b00489b74ea16b0abd69476d6) Importer(815301076,1909f56bfc062723c751e8b465ee728b) Shader 'TextMeshPro/Distance Field': fallback shader 'TextMeshPro/Mobile/Distance Field' not found
 -> (artifact id: 'f1134feb0d33935939c3ad5c5467f435') in 0.028141 seconds
  Import took 0.034419 seconds .

========================================================================
Received Prepare
Registering precompiled user dll's ...
Registered in 0.000994 seconds.
Begin MonoManager ReloadAssembly
Native extension for WindowsStandalone target not found
Refreshing native plugins compatible for Editor in 0.61 ms, found 0 plugins.
Preloading 0 native plugins for Editor in 0.00 ms.
Mono: successfully reloaded assembly
- Completed reload, in  1.154 seconds
Platform modules already initialized, skipping
Refreshing native plugins compatible for Editor in 0.74 ms, found 0 plugins.
Preloading 0 native plugins for Editor in 0.00 ms.
Unloading 1557 Unused Serialized files (Serialized files now loaded: 0)
System memory in use before: 84.3 MB.
System memory in use after: 83.8 MB.

Unloading 16 unused Assets to reduce memory usage. Loaded Objects now: 2125.
Total: 4.316900 ms (FindLiveObjects: 0.262200 ms CreateObjectMapping: 0.148500 ms MarkObjects: 3.304100 ms  DeleteObjects: 0.600100 ms)

========================================================================
Received Prepare
Registering precompiled user dll's ...
Registered in 0.001011 seconds.
Begin MonoManager ReloadAssembly
Native extension for WindowsStandalone target not found
Refreshing native plugins compatible for Editor in 0.60 ms, found 0 plugins.
Preloading 0 native plugins for Editor in 0.00 ms.
Mono: successfully reloaded assembly
- Completed reload, in  1.233 seconds
Platform modules already initialized, skipping
Refreshing native plugins compatible for Editor in 0.40 ms, found 0 plugins.
Preloading 0 native plugins for Editor in 0.00 ms.
Unloading 1555 Unused Serialized files (Serialized files now loaded: 0)
System memory in use before: 84.1 MB.
System memory in use after: 83.6 MB.

Unloading 16 unused Assets to reduce memory usage. Loaded Objects now: 2128.
Total: 3.561200 ms (FindLiveObjects: 0.178900 ms CreateObjectMapping: 0.058000 ms MarkObjects: 2.785000 ms  DeleteObjects: 0.538000 ms)

========================================================================
Received Import Request.
  Time since last request: 581.680530 seconds.
  path: Assets/Materials/New Material.mat
  artifactKey: Guid(3c26b6e81260420439ac627a975fb846) Importer(815301076,1909f56bfc062723c751e8b465ee728b)
Start importing Assets/Materials/New Material.mat using Guid(3c26b6e81260420439ac627a975fb846) Importer(815301076,1909f56bfc062723c751e8b465ee728b)  -> (artifact id: 'a56abedee7aaecac670692bd1446157b') in 0.101885 seconds
  Import took 0.107013 seconds .

========================================================================
Received Import Request.
  Time since last request: 25.268580 seconds.
  path: Assets/TextMesh Pro/Sprites/EmojiOne.png
  artifactKey: Guid(dffef66376be4fa480fb02b19edbe903) Importer(815301076,1909f56bfc062723c751e8b465ee728b)
Start importing Assets/TextMesh Pro/Sprites/EmojiOne.png using Guid(dffef66376be4fa480fb02b19edbe903) Importer(815301076,1909f56bfc062723c751e8b465ee728b)  -> (artifact id: '461de82cd83b6ace2f2bb42f6d30c826') in 0.026532 seconds
  Import took 0.031403 seconds .

========================================================================
Received Import Request.
  Time since last request: 0.013966 seconds.
  path: Assets/TextMesh Pro/Sprites/EmojiOne.png
  artifactKey: Guid(dffef66376be4fa480fb02b19edbe903) Importer(815301076,1909f56bfc062723c751e8b465ee728b)
Start importing Assets/TextMesh Pro/Sprites/EmojiOne.png using Guid(dffef66376be4fa480fb02b19edbe903) Importer(815301076,1909f56bfc062723c751e8b465ee728b)  -> (artifact id: '461de82cd83b6ace2f2bb42f6d30c826') in 0.012621 seconds
  Import took 0.016878 seconds .

========================================================================
Received Import Request.
  Time since last request: 14.402399 seconds.
  path: Assets/Materials/New Material.mat
  artifactKey: Guid(3c26b6e81260420439ac627a975fb846) Importer(815301076,1909f56bfc062723c751e8b465ee728b)
Start importing Assets/Materials/New Material.mat using Guid(3c26b6e81260420439ac627a975fb846) Importer(815301076,1909f56bfc062723c751e8b465ee728b)  -> (artifact id: '85fbd40801ac6c114666949fc5a88328') in 0.015766 seconds
  Import took 0.020300 seconds .

========================================================================
Received Import Request.
  Time since last request: 18.798324 seconds.
  path: Assets/Materials/New Material.mat
  artifactKey: Guid(3c26b6e81260420439ac627a975fb846) Importer(815301076,1909f56bfc062723c751e8b465ee728b)
Start importing Assets/Materials/New Material.mat using Guid(3c26b6e81260420439ac627a975fb846) Importer(815301076,1909f56bfc062723c751e8b465ee728b)  -> (artifact id: '8faced6b1a90d358017e4561a008bd41') in 0.015906 seconds
  Import took 0.020069 seconds .

========================================================================
Received Prepare
Registering precompiled user dll's ...
Registered in 0.000979 seconds.
Begin MonoManager ReloadAssembly
Native extension for WindowsStandalone target not found
Refreshing native plugins compatible for Editor in 0.37 ms, found 0 plugins.
Preloading 0 native plugins for Editor in 0.00 ms.
Mono: successfully reloaded assembly
- Completed reload, in  0.917 seconds
Platform modules already initialized, skipping
Refreshing native plugins compatible for Editor in 0.35 ms, found 0 plugins.
Preloading 0 native plugins for Editor in 0.00 ms.
Unloading 1555 Unused Serialized files (Serialized files now loaded: 0)
System memory in use before: 84.1 MB.
System memory in use after: 83.6 MB.

Unloading 17 unused Assets to reduce memory usage. Loaded Objects now: 2132.
Total: 2.916300 ms (FindLiveObjects: 0.197100 ms CreateObjectMapping: 0.091600 ms MarkObjects: 2.173100 ms  DeleteObjects: 0.453700 ms)

========================================================================
Received Import Request.
  Time since last request: 515.200859 seconds.
  path: Assets/Texture/Untitled-1.png
  artifactKey: Guid(b3f88b867acadf94493b56a586479de2) Importer(815301076,1909f56bfc062723c751e8b465ee728b)
Start importing Assets/Texture/Untitled-1.png using Guid(b3f88b867acadf94493b56a586479de2) Importer(815301076,1909f56bfc062723c751e8b465ee728b)  -> (artifact id: '00c61d42b2040962faf17b368c97f3d4') in 0.045740 seconds
  Import took 0.048830 seconds .

========================================================================
Received Prepare
Registering precompiled user dll's ...
Registered in 0.000868 seconds.
Begin MonoManager ReloadAssembly
Native extension for WindowsStandalone target not found
Refreshing native plugins compatible for Editor in 0.33 ms, found 0 plugins.
Preloading 0 native plugins for Editor in 0.00 ms.
Mono: successfully reloaded assembly
- Completed reload, in  0.904 seconds
Platform modules already initialized, skipping
Refreshing native plugins compatible for Editor in 0.36 ms, found 0 plugins.
Preloading 0 native plugins for Editor in 0.00 ms.
Unloading 1555 Unused Serialized files (Serialized files now loaded: 0)
System memory in use before: 84.1 MB.
System memory in use after: 83.6 MB.

Unloading 16 unused Assets to reduce memory usage. Loaded Objects now: 2135.
Total: 2.276400 ms (FindLiveObjects: 0.205600 ms CreateObjectMapping: 0.051700 ms MarkObjects: 1.620700 ms  DeleteObjects: 0.397600 ms)

========================================================================
Received Prepare
Registering precompiled user dll's ...
Registered in 0.000942 seconds.
Begin MonoManager ReloadAssembly
Native extension for WindowsStandalone target not found
Refreshing native plugins compatible for Editor in 0.45 ms, found 0 plugins.
Preloading 0 native plugins for Editor in 0.00 ms.
Mono: successfully reloaded assembly
- Completed reload, in  0.909 seconds
Platform modules already initialized, skipping
Refreshing native plugins compatible for Editor in 0.34 ms, found 0 plugins.
Preloading 0 native plugins for Editor in 0.00 ms.
Unloading 1555 Unused Serialized files (Serialized files now loaded: 0)
System memory in use before: 84.1 MB.
System memory in use after: 83.6 MB.

Unloading 16 unused Assets to reduce memory usage. Loaded Objects now: 2138.
Total: 2.604900 ms (FindLiveObjects: 0.350000 ms CreateObjectMapping: 0.073200 ms MarkObjects: 1.758700 ms  DeleteObjects: 0.421600 ms)

========================================================================
Received Prepare
Registering precompiled user dll's ...
Registered in 0.000929 seconds.
Begin MonoManager ReloadAssembly
Native extension for WindowsStandalone target not found
Refreshing native plugins compatible for Editor in 0.33 ms, found 0 plugins.
Preloading 0 native plugins for Editor in 0.00 ms.
Mono: successfully reloaded assembly
- Completed reload, in  0.895 seconds
Platform modules already initialized, skipping
Refreshing native plugins compatible for Editor in 0.33 ms, found 0 plugins.
Preloading 0 native plugins for Editor in 0.00 ms.
Unloading 1555 Unused Serialized files (Serialized files now loaded: 0)
System memory in use before: 84.1 MB.
System memory in use after: 83.6 MB.

Unloading 16 unused Assets to reduce memory usage. Loaded Objects now: 2141.
Total: 2.556100 ms (FindLiveObjects: 0.219000 ms CreateObjectMapping: 0.102200 ms MarkObjects: 1.798600 ms  DeleteObjects: 0.435200 ms)

========================================================================
Received Prepare
Registering precompiled user dll's ...
Registered in 0.001330 seconds.
Begin MonoManager ReloadAssembly
Native extension for WindowsStandalone target not found
Refreshing native plugins compatible for Editor in 0.41 ms, found 0 plugins.
Preloading 0 native plugins for Editor in 0.00 ms.
Mono: successfully reloaded assembly
- Completed reload, in  0.903 seconds
Platform modules already initialized, skipping
Refreshing native plugins compatible for Editor in 0.34 ms, found 0 plugins.
Preloading 0 native plugins for Editor in 0.00 ms.
Unloading 1555 Unused Serialized files (Serialized files now loaded: 0)
System memory in use before: 84.1 MB.
System memory in use after: 83.6 MB.

Unloading 16 unused Assets to reduce memory usage. Loaded Objects now: 2144.
Total: 2.478000 ms (FindLiveObjects: 0.201400 ms CreateObjectMapping: 0.053200 ms MarkObjects: 1.824200 ms  DeleteObjects: 0.398200 ms)

========================================================================
Received Prepare
Registering precompiled user dll's ...
Registered in 0.001014 seconds.
Begin MonoManager ReloadAssembly
Native extension for WindowsStandalone target not found
Refreshing native plugins compatible for Editor in 0.40 ms, found 0 plugins.
Preloading 0 native plugins for Editor in 0.00 ms.
Mono: successfully reloaded assembly
- Completed reload, in  0.920 seconds
Platform modules already initialized, skipping
Refreshing native plugins compatible for Editor in 0.33 ms, found 0 plugins.
Preloading 0 native plugins for Editor in 0.00 ms.
Unloading 1555 Unused Serialized files (Serialized files now loaded: 0)
System memory in use before: 84.1 MB.
System memory in use after: 83.6 MB.

Unloading 16 unused Assets to reduce memory usage. Loaded Objects now: 2147.
Total: 2.492200 ms (FindLiveObjects: 0.149300 ms CreateObjectMapping: 0.049800 ms MarkObjects: 1.894200 ms  DeleteObjects: 0.398200 ms)

========================================================================
Received Prepare
Registering precompiled user dll's ...
Registered in 0.000847 seconds.
Begin MonoManager ReloadAssembly
Native extension for WindowsStandalone target not found
Refreshing native plugins compatible for Editor in 0.34 ms, found 0 plugins.
Preloading 0 native plugins for Editor in 0.00 ms.
Mono: successfully reloaded assembly
- Completed reload, in  0.899 seconds
Platform modules already initialized, skipping
Refreshing native plugins compatible for Editor in 0.43 ms, found 0 plugins.
Preloading 0 native plugins for Editor in 0.00 ms.
Unloading 1555 Unused Serialized files (Serialized files now loaded: 0)
System memory in use before: 84.1 MB.
System memory in use after: 83.6 MB.

Unloading 16 unused Assets to reduce memory usage. Loaded Objects now: 2150.
Total: 2.785700 ms (FindLiveObjects: 0.276100 ms CreateObjectMapping: 0.053600 ms MarkObjects: 2.045000 ms  DeleteObjects: 0.410000 ms)

========================================================================
Received Prepare
Registering precompiled user dll's ...
Registered in 0.000970 seconds.
Begin MonoManager ReloadAssembly
Native extension for WindowsStandalone target not found
Refreshing native plugins compatible for Editor in 0.41 ms, found 0 plugins.
Preloading 0 native plugins for Editor in 0.00 ms.
Mono: successfully reloaded assembly
- Completed reload, in  0.903 seconds
Platform modules already initialized, skipping
Refreshing native plugins compatible for Editor in 0.33 ms, found 0 plugins.
Preloading 0 native plugins for Editor in 0.00 ms.
Unloading 1555 Unused Serialized files (Serialized files now loaded: 0)
System memory in use before: 84.2 MB.
System memory in use after: 83.7 MB.

Unloading 16 unused Assets to reduce memory usage. Loaded Objects now: 2153.
Total: 2.109300 ms (FindLiveObjects: 0.141500 ms CreateObjectMapping: 0.050400 ms MarkObjects: 1.520600 ms  DeleteObjects: 0.395800 ms)

========================================================================
Received Prepare
Registering precompiled user dll's ...
Registered in 0.000919 seconds.
Begin MonoManager ReloadAssembly
Native extension for WindowsStandalone target not found
Refreshing native plugins compatible for Editor in 0.34 ms, found 0 plugins.
Preloading 0 native plugins for Editor in 0.00 ms.
Mono: successfully reloaded assembly
- Completed reload, in  0.920 seconds
Platform modules already initialized, skipping
Refreshing native plugins compatible for Editor in 0.90 ms, found 0 plugins.
Preloading 0 native plugins for Editor in 0.00 ms.
Unloading 1555 Unused Serialized files (Serialized files now loaded: 0)
System memory in use before: 84.2 MB.
System memory in use after: 83.7 MB.

Unloading 16 unused Assets to reduce memory usage. Loaded Objects now: 2156.
Total: 2.484800 ms (FindLiveObjects: 0.201700 ms CreateObjectMapping: 0.057300 ms MarkObjects: 1.832800 ms  DeleteObjects: 0.391700 ms)

========================================================================
Received Prepare
Registering precompiled user dll's ...
Registered in 0.000929 seconds.
Begin MonoManager ReloadAssembly
Native extension for WindowsStandalone target not found
Refreshing native plugins compatible for Editor in 0.37 ms, found 0 plugins.
Preloading 0 native plugins for Editor in 0.00 ms.
Mono: successfully reloaded assembly
- Completed reload, in  0.894 seconds
Platform modules already initialized, skipping
Refreshing native plugins compatible for Editor in 0.37 ms, found 0 plugins.
Preloading 0 native plugins for Editor in 0.00 ms.
Unloading 1555 Unused Serialized files (Serialized files now loaded: 0)
System memory in use before: 84.2 MB.
System memory in use after: 83.7 MB.

Unloading 16 unused Assets to reduce memory usage. Loaded Objects now: 2159.
Total: 2.057100 ms (FindLiveObjects: 0.153500 ms CreateObjectMapping: 0.052000 ms MarkObjects: 1.478300 ms  DeleteObjects: 0.372300 ms)

========================================================================
Received Import Request.
  Time since last request: 726.309529 seconds.
  path: Assets/Scripts/MainMenu.cs
  artifactKey: Guid(03b4c6f293eb1c5499c0b33f56e5c84b) Importer(815301076,1909f56bfc062723c751e8b465ee728b)
Start importing Assets/Scripts/MainMenu.cs using Guid(03b4c6f293eb1c5499c0b33f56e5c84b) Importer(815301076,1909f56bfc062723c751e8b465ee728b)  -> (artifact id: 'd94e12dd9a52ceed1f69f76476d1048e') in 0.022417 seconds
  Import took 0.025621 seconds .

========================================================================
Received Prepare
Registering precompiled user dll's ...
Registered in 0.001300 seconds.
Begin MonoManager ReloadAssembly
Native extension for WindowsStandalone target not found
Refreshing native plugins compatible for Editor in 0.39 ms, found 0 plugins.
Preloading 0 native plugins for Editor in 0.00 ms.
Mono: successfully reloaded assembly
- Completed reload, in  0.986 seconds
Platform modules already initialized, skipping
Refreshing native plugins compatible for Editor in 0.42 ms, found 0 plugins.
Preloading 0 native plugins for Editor in 0.00 ms.
Unloading 1556 Unused Serialized files (Serialized files now loaded: 0)
System memory in use before: 84.2 MB.
System memory in use after: 83.8 MB.

Unloading 16 unused Assets to reduce memory usage. Loaded Objects now: 2163.
Total: 3.169000 ms (FindLiveObjects: 0.330200 ms CreateObjectMapping: 0.179100 ms MarkObjects: 2.243000 ms  DeleteObjects: 0.415700 ms)

========================================================================
Received Prepare
Registering precompiled user dll's ...
Registered in 0.001098 seconds.
Begin MonoManager ReloadAssembly
Native extension for WindowsStandalone target not found
Refreshing native plugins compatible for Editor in 0.35 ms, found 0 plugins.
Preloading 0 native plugins for Editor in 0.00 ms.
Mono: successfully reloaded assembly
- Completed reload, in  0.897 seconds
Platform modules already initialized, skipping
Refreshing native plugins compatible for Editor in 0.34 ms, found 0 plugins.
Preloading 0 native plugins for Editor in 0.00 ms.
Unloading 1556 Unused Serialized files (Serialized files now loaded: 0)
System memory in use before: 84.2 MB.
System memory in use after: 83.8 MB.

Unloading 16 unused Assets to reduce memory usage. Loaded Objects now: 2166.
Total: 3.635700 ms (FindLiveObjects: 0.149400 ms CreateObjectMapping: 0.050900 ms MarkObjects: 2.860200 ms  DeleteObjects: 0.573500 ms)

========================================================================
Received Import Request.
  Time since last request: 147.723163 seconds.
  path: Assets/Scripts/PickUp.cs
  artifactKey: Guid(ebb6820c7a355a349abaee2a3dea207f) Importer(815301076,1909f56bfc062723c751e8b465ee728b)
Start importing Assets/Scripts/PickUp.cs using Guid(ebb6820c7a355a349abaee2a3dea207f) Importer(815301076,1909f56bfc062723c751e8b465ee728b)  -> (artifact id: '08466951f9e1056d584411edfbee8b18') in 0.045401 seconds
  Import took 0.048197 seconds .

========================================================================
Received Prepare
Registering precompiled user dll's ...
Registered in 0.000879 seconds.
Begin MonoManager ReloadAssembly
Native extension for WindowsStandalone target not found
Refreshing native plugins compatible for Editor in 0.33 ms, found 0 plugins.
Preloading 0 native plugins for Editor in 0.00 ms.
Mono: successfully reloaded assembly
- Completed reload, in  1.017 seconds
Platform modules already initialized, skipping
Refreshing native plugins compatible for Editor in 0.34 ms, found 0 plugins.
Preloading 0 native plugins for Editor in 0.00 ms.
Unloading 1556 Unused Serialized files (Serialized files now loaded: 0)
System memory in use before: 84.2 MB.
System memory in use after: 83.8 MB.

Unloading 16 unused Assets to reduce memory usage. Loaded Objects now: 2169.
Total: 2.195300 ms (FindLiveObjects: 0.151100 ms CreateObjectMapping: 0.052900 ms MarkObjects: 1.605100 ms  DeleteObjects: 0.385200 ms)

========================================================================
Received Import Request.
  Time since last request: 161.076898 seconds.
  path: Assets/Scripts/MainMenu.cs
  artifactKey: Guid(03b4c6f293eb1c5499c0b33f56e5c84b) Importer(815301076,1909f56bfc062723c751e8b465ee728b)
Start importing Assets/Scripts/MainMenu.cs using Guid(03b4c6f293eb1c5499c0b33f56e5c84b) Importer(815301076,1909f56bfc062723c751e8b465ee728b)  -> (artifact id: 'dbc74dfd8ec5c1c36433213483142c65') in 0.005880 seconds
  Import took 0.008949 seconds .

========================================================================
Received Import Request.
  Time since last request: 39.855264 seconds.
  path: Assets/[Free] Phone/fbx and materials/1k.mat
  artifactKey: Guid(e65538c4a1239b04d8a77a25ed7beb27) Importer(815301076,1909f56bfc062723c751e8b465ee728b)
Start importing Assets/[Free] Phone/fbx and materials/1k.mat using Guid(e65538c4a1239b04d8a77a25ed7beb27) Importer(815301076,1909f56bfc062723c751e8b465ee728b)  -> (artifact id: 'd1f8072a32b34aac5a70637f2684190b') in 0.219254 seconds
  Import took 0.223959 seconds .

========================================================================
Received Import Request.
  Time since last request: 0.002872 seconds.
  path: Assets/[Free] Phone/fbx and materials/1k.mat
  artifactKey: Guid(e65538c4a1239b04d8a77a25ed7beb27) Importer(815301076,1909f56bfc062723c751e8b465ee728b)
Start importing Assets/[Free] Phone/fbx and materials/1k.mat using Guid(e65538c4a1239b04d8a77a25ed7beb27) Importer(815301076,1909f56bfc062723c751e8b465ee728b)  -> (artifact id: 'd1f8072a32b34aac5a70637f2684190b') in 0.022313 seconds
  Import took 0.027874 seconds .

========================================================================
Received Prepare
Registering precompiled user dll's ...
Registered in 0.000807 seconds.
Begin MonoManager ReloadAssembly
Native extension for WindowsStandalone target not found
Refreshing native plugins compatible for Editor in 21.55 ms, found 0 plugins.
Preloading 0 native plugins for Editor in 0.00 ms.
Mono: successfully reloaded assembly
- Completed reload, in  0.984 seconds
Platform modules already initialized, skipping
Refreshing native plugins compatible for Editor in 0.36 ms, found 0 plugins.
Preloading 0 native plugins for Editor in 0.00 ms.
Unloading 1556 Unused Serialized files (Serialized files now loaded: 0)
System memory in use before: 84.3 MB.
System memory in use after: 83.8 MB.

Unloading 16 unused Assets to reduce memory usage. Loaded Objects now: 2173.
Total: 3.047000 ms (FindLiveObjects: 0.142300 ms CreateObjectMapping: 0.053200 ms MarkObjects: 2.363700 ms  DeleteObjects: 0.486500 ms)

========================================================================
Received Prepare
Registering precompiled user dll's ...
Registered in 0.000890 seconds.
Begin MonoManager ReloadAssembly
Native extension for WindowsStandalone target not found
Refreshing native plugins compatible for Editor in 0.33 ms, found 0 plugins.
Preloading 0 native plugins for Editor in 0.00 ms.
Mono: successfully reloaded assembly
- Completed reload, in  0.962 seconds
Platform modules already initialized, skipping
Refreshing native plugins compatible for Editor in 0.34 ms, found 0 plugins.
Preloading 0 native plugins for Editor in 0.00 ms.
Unloading 1556 Unused Serialized files (Serialized files now loaded: 0)
System memory in use before: 84.3 MB.
System memory in use after: 83.8 MB.

Unloading 16 unused Assets to reduce memory usage. Loaded Objects now: 2176.
Total: 2.492800 ms (FindLiveObjects: 0.252200 ms CreateObjectMapping: 0.068500 ms MarkObjects: 1.797400 ms  DeleteObjects: 0.373500 ms)

========================================================================
Received Prepare
Registering precompiled user dll's ...
Registered in 0.001214 seconds.
Begin MonoManager ReloadAssembly
Native extension for WindowsStandalone target not found
Refreshing native plugins compatible for Editor in 0.33 ms, found 0 plugins.
Preloading 0 native plugins for Editor in 0.00 ms.
Mono: successfully reloaded assembly
- Completed reload, in  0.965 seconds
Platform modules already initialized, skipping
Refreshing native plugins compatible for Editor in 0.38 ms, found 0 plugins.
Preloading 0 native plugins for Editor in 0.00 ms.
Unloading 1556 Unused Serialized files (Serialized files now loaded: 0)
System memory in use before: 84.3 MB.
System memory in use after: 83.8 MB.

Unloading 16 unused Assets to reduce memory usage. Loaded Objects now: 2179.
Total: 2.499900 ms (FindLiveObjects: 0.215000 ms CreateObjectMapping: 0.093600 ms MarkObjects: 1.812200 ms  DeleteObjects: 0.378200 ms)

========================================================================
Received Import Request.
  Time since last request: 117.454924 seconds.
  path: Assets/Scenes/MainMenu.unity
  artifactKey: Guid(db39f4c6b402c924d9149d7615b31f00) Importer(815301076,1909f56bfc062723c751e8b465ee728b)
Start importing Assets/Scenes/MainMenu.unity using Guid(db39f4c6b402c924d9149d7615b31f00) Importer(815301076,1909f56bfc062723c751e8b465ee728b)  -> (artifact id: '0dece2d23bed449891a6e4911347dd6b') in 0.044434 seconds
  Import took 0.048314 seconds .

========================================================================
Received Prepare
Registering precompiled user dll's ...
Registered in 0.000994 seconds.
Begin MonoManager ReloadAssembly
Native extension for WindowsStandalone target not found
Refreshing native plugins compatible for Editor in 0.33 ms, found 0 plugins.
Preloading 0 native plugins for Editor in 0.00 ms.
Mono: successfully reloaded assembly
- Completed reload, in  0.912 seconds
Platform modules already initialized, skipping
Refreshing native plugins compatible for Editor in 0.38 ms, found 0 plugins.
Preloading 0 native plugins for Editor in 0.00 ms.
Unloading 1556 Unused Serialized files (Serialized files now loaded: 0)
System memory in use before: 84.3 MB.
System memory in use after: 83.8 MB.

Unloading 16 unused Assets to reduce memory usage. Loaded Objects now: 2182.
Total: 2.501100 ms (FindLiveObjects: 0.149500 ms CreateObjectMapping: 0.052600 ms MarkObjects: 1.922300 ms  DeleteObjects: 0.375700 ms)

========================================================================
Received Prepare
Registering precompiled user dll's ...
Registered in 0.001210 seconds.
Begin MonoManager ReloadAssembly
Native extension for WindowsStandalone target not found
Refreshing native plugins compatible for Editor in 0.33 ms, found 0 plugins.
Preloading 0 native plugins for Editor in 0.00 ms.
Mono: successfully reloaded assembly
- Completed reload, in  0.990 seconds
Platform modules already initialized, skipping
Refreshing native plugins compatible for Editor in 0.44 ms, found 0 plugins.
Preloading 0 native plugins for Editor in 0.00 ms.
Unloading 1556 Unused Serialized files (Serialized files now loaded: 0)
System memory in use before: 84.3 MB.
System memory in use after: 83.8 MB.

Unloading 16 unused Assets to reduce memory usage. Loaded Objects now: 2185.
Total: 2.181500 ms (FindLiveObjects: 0.200900 ms CreateObjectMapping: 0.061200 ms MarkObjects: 1.543300 ms  DeleteObjects: 0.375300 ms)

AssetImportWorkerClient::OnTransportError - code=2 error=End of file
